<?xml version="1.0" encoding="UTF-8"?>
<!-- Generated by org.testng.reporters.JUnitReportReporter -->
<testsuite skipped="4" hostname="HK-SONY-VAIO" name="com.crm.qa.testcases.ContactPageTest" tests="6" failures="0" timestamp="29 Mar 2019 20:38:06 GMT" time="88.553" errors="0">
  <testcase name="newContactsTest" time="41.387" classname="com.crm.qa.testcases.ContactPageTest"/>
  <testcase name="newContactsTest" time="47.166" classname="com.crm.qa.testcases.ContactPageTest"/>
  <testcase name="verifyContactTest" classname="com.crm.qa.testcases.ContactPageTest">
    <skipped/>
  </testcase> <!-- verifyContactTest -->
  <testcase name="deleteContactTest" classname="com.crm.qa.testcases.ContactPageTest">
    <skipped/>
  </testcase> <!-- deleteContactTest -->
  <testcase name="editContactTest" classname="com.crm.qa.testcases.ContactPageTest">
    <skipped/>
  </testcase> <!-- editContactTest -->
  <testcase name="verifyContactsPageLabel" classname="com.crm.qa.testcases.ContactPageTest">
    <skipped/>
  </testcase> <!-- verifyContactsPageLabel -->
</testsuite> <!-- com.crm.qa.testcases.ContactPageTest -->
