<?xml version="1.0" encoding="UTF-8"?>
<!-- Generated by org.testng.reporters.JUnitReportReporter -->
<testsuite skipped="0" hostname="HK-SONY-VAIO" name="com.crm.qa.testcases.HomePageTest" tests="3" failures="0" timestamp="06 Mar 2019 15:12:43 GMT" time="-310.919" errors="0">
  <testcase name="verifyHomePageTitleTest" time="31.181" classname="com.crm.qa.testcases.HomePageTest"/>
  <testcase name="verifyUserNameTest" time="30.030" classname="com.crm.qa.testcases.HomePageTest"/>
  <testcase name="verifyContactsLinkTest" time="-372.130" classname="com.crm.qa.testcases.HomePageTest"/>
</testsuite> <!-- com.crm.qa.testcases.HomePageTest -->
