<?xml version="1.0" encoding="UTF-8"?>
<!-- Generated by org.testng.reporters.JUnitReportReporter -->
<testsuite skipped="0" hostname="HK-SONY-VAIO" name="com.crm.qa.testcases.LoginPageTest" tests="3" failures="0" timestamp="06 Mar 2019 15:12:43 GMT" time="83.466" errors="0">
  <testcase name="validateLoginPageTitle" time="25.687" classname="com.crm.qa.testcases.LoginPageTest"/>
  <testcase name="crmbellIcon" time="32.282" classname="com.crm.qa.testcases.LoginPageTest"/>
  <testcase name="loginTest" time="25.497" classname="com.crm.qa.testcases.LoginPageTest"/>
</testsuite> <!-- com.crm.qa.testcases.LoginPageTest -->
